{
  "stats": {
    "suites": 1,
    "tests": 3,
    "passes": 3,
    "pending": 0,
    "failures": 0,
    "start": "2023-10-22T10:13:20.904Z",
    "end": "2023-10-22T10:14:12.353Z",
    "duration": 51449,
    "testsRegistered": 3,
    "passPercent": 100,
    "pendingPercent": 0,
    "other": 0,
    "hasOther": false,
    "skipped": 0,
    "hasSkipped": false
  },
  "results": [
    {
      "uuid": "959ddb62-92b1-4c51-840a-9883b9f8751d",
      "title": "",
      "fullFile": "cypress\\support\\e2e\\createAnAccount.cy.js",
      "file": "cypress\\support\\e2e\\createAnAccount.cy.js",
      "beforeHooks": [],
      "afterHooks": [],
      "tests": [],
      "suites": [
        {
          "uuid": "ed83c0b8-b38d-4f85-a3c8-038fee1b794c",
          "title": "Create an Account",
          "fullFile": "",
          "file": "",
          "beforeHooks": [],
          "afterHooks": [],
          "tests": [
            {
              "title": "User create account successfully",
              "fullTitle": "Create an Account User create account successfully",
              "timedOut": null,
              "duration": 30320,
              "state": "passed",
              "speed": "slow",
              "pass": true,
              "fail": false,
              "pending": false,
              "context": null,
              "code": "cy.contains('Create an Account').click();\ncy.get('#firstname').type('Nadiyah');\ncy.get('#lastname').type('Fitriyah');\ncy.get('#email_address').type('nadiyahfitriyah3@gmail.com');\ncy.get('#password').type('Nadiyah05100');\ncy.get('#password-confirmation').type('Nadiyah05100');\ncy.get('button[title=\\'Create an Account\\'] span').click();",
              "err": {},
              "uuid": "d3ea03e4-2620-4c68-a5e0-caea0c60fd93",
              "parentUUID": "ed83c0b8-b38d-4f85-a3c8-038fee1b794c",
              "isHook": false,
              "skipped": false
            },
            {
              "title": "User create an account without fill first name",
              "fullTitle": "Create an Account User create an account without fill first name",
              "timedOut": null,
              "duration": 9439,
              "state": "passed",
              "speed": "medium",
              "pass": true,
              "fail": false,
              "pending": false,
              "context": null,
              "code": "cy.contains('Create an Account').click();\ncy.get('#lastname').type('Fitriyah');\ncy.get('#email_address').type('nadiyahfitriyah3@gmail.com');\ncy.get('#password').type('Nadiyah05100');\ncy.get('#password-confirmation').type('Nadiyah05100');\ncy.get('button[title=\\'Create an Account\\'] span').click();\ncy.contains('This is a required field.').should('contain', 'This is a required field.');",
              "err": {},
              "uuid": "7d920bf8-aeb4-4aef-8dc2-7cfadf762350",
              "parentUUID": "ed83c0b8-b38d-4f85-a3c8-038fee1b794c",
              "isHook": false,
              "skipped": false
            },
            {
              "title": "User create account with invalid format email",
              "fullTitle": "Create an Account User create account with invalid format email",
              "timedOut": null,
              "duration": 11255,
              "state": "passed",
              "speed": "slow",
              "pass": true,
              "fail": false,
              "pending": false,
              "context": null,
              "code": "cy.contains('Create an Account').click();\ncy.get('#firstname').type('Nadiyah');\ncy.get('#lastname').type('Fitriyah');\ncy.get('#email_address').type('nadiyahfitriyahgmail.com');\ncy.get('#password').type('Nadiyah05100');\ncy.get('#password-confirmation').type('Nadiyah05100');\ncy.get('button[title=\\'Create an Account\\'] span').click();\ncy.contains('Please enter a valid email address (Ex: johndoe@domain.com).').should('contain', 'Please enter a valid email address (Ex: johndoe@domain.com).');",
              "err": {},
              "uuid": "b9e66c84-beb2-4d5d-a002-37b003bac33b",
              "parentUUID": "ed83c0b8-b38d-4f85-a3c8-038fee1b794c",
              "isHook": false,
              "skipped": false
            }
          ],
          "suites": [],
          "passes": [
            "d3ea03e4-2620-4c68-a5e0-caea0c60fd93",
            "7d920bf8-aeb4-4aef-8dc2-7cfadf762350",
            "b9e66c84-beb2-4d5d-a002-37b003bac33b"
          ],
          "failures": [],
          "pending": [],
          "skipped": [],
          "duration": 51014,
          "root": false,
          "rootEmpty": false,
          "_timeout": 2000
        }
      ],
      "passes": [],
      "failures": [],
      "pending": [],
      "skipped": [],
      "duration": 0,
      "root": true,
      "rootEmpty": true,
      "_timeout": 2000
    }
  ],
  "meta": {
    "mocha": {
      "version": "7.0.1"
    },
    "mochawesome": {
      "options": {
        "quiet": false,
        "reportFilename": "mochawesome",
        "saveHtml": true,
        "saveJson": true,
        "consoleReporter": "spec",
        "useInlineDiffs": false,
        "code": true
      },
      "version": "7.1.3"
    },
    "marge": {
      "options": null,
      "version": "6.2.0"
    }
  }
}